0 info it worked if it ends with ok
1 verbose cli [ '/Users/jules/.nvm/versions/v6.9.5/bin/node',
1 verbose cli   '/Users/jules/.nvm/versions/v6.9.5/bin/npm',
1 verbose cli   'start' ]
2 info using npm@3.10.10
3 info using node@v6.9.5
4 verbose run-script [ 'prestart', 'start', 'poststart' ]
5 info lifecycle data-visualization@0.0.0~prestart: data-visualization@0.0.0
6 silly lifecycle data-visualization@0.0.0~prestart: no script for prestart, continuing
7 info lifecycle data-visualization@0.0.0~start: data-visualization@0.0.0
8 verbose lifecycle data-visualization@0.0.0~start: unsafe-perm in lifecycle true
9 verbose lifecycle data-visualization@0.0.0~start: PATH: /Users/jules/.nvm/versions/v6.9.5/lib/node_modules/npm/bin/node-gyp-bin:/Users/jules/Repositories/education/horangi/frontend/node_modules/.bin:/Users/jules/flask/bin:/Users/jules/.nvm/versions/v6.9.5/bin:/Users/jules/.composer/vendor/bin:/usr/local/bin:/usr/bin:/bin:/usr/sbin:/sbin:/usr/local/mysql/bin:/usr/local/mysql/bin:/Users/jules/Repositories/freelancer/phabricator/arcanist/bin
10 verbose lifecycle data-visualization@0.0.0~start: CWD: /Users/jules/Repositories/education/horangi/frontend
11 silly lifecycle data-visualization@0.0.0~start: Args: [ '-c', 'ng serve -H 0.0.0.0 --environment=production' ]
12 silly lifecycle data-visualization@0.0.0~start: Returned: code: 1  signal: null
13 info lifecycle data-visualization@0.0.0~start: Failed to exec start script
14 verbose stack Error: data-visualization@0.0.0 start: `ng serve -H 0.0.0.0 --environment=production`
14 verbose stack Exit status 1
14 verbose stack     at EventEmitter.<anonymous> (/Users/jules/.nvm/versions/v6.9.5/lib/node_modules/npm/lib/utils/lifecycle.js:255:16)
14 verbose stack     at emitTwo (events.js:106:13)
14 verbose stack     at EventEmitter.emit (events.js:191:7)
14 verbose stack     at ChildProcess.<anonymous> (/Users/jules/.nvm/versions/v6.9.5/lib/node_modules/npm/lib/utils/spawn.js:40:14)
14 verbose stack     at emitTwo (events.js:106:13)
14 verbose stack     at ChildProcess.emit (events.js:191:7)
14 verbose stack     at maybeClose (internal/child_process.js:877:16)
14 verbose stack     at Process.ChildProcess._handle.onexit (internal/child_process.js:226:5)
15 verbose pkgid data-visualization@0.0.0
16 verbose cwd /Users/jules/Repositories/education/horangi/frontend
17 error Darwin 16.4.0
18 error argv "/Users/jules/.nvm/versions/v6.9.5/bin/node" "/Users/jules/.nvm/versions/v6.9.5/bin/npm" "start"
19 error node v6.9.5
20 error npm  v3.10.10
21 error code ELIFECYCLE
22 error data-visualization@0.0.0 start: `ng serve -H 0.0.0.0 --environment=production`
22 error Exit status 1
23 error Failed at the data-visualization@0.0.0 start script 'ng serve -H 0.0.0.0 --environment=production'.
23 error Make sure you have the latest version of node.js and npm installed.
23 error If you do, this is most likely a problem with the data-visualization package,
23 error not with npm itself.
23 error Tell the author that this fails on your system:
23 error     ng serve -H 0.0.0.0 --environment=production
23 error You can get information on how to open an issue for this project with:
23 error     npm bugs data-visualization
23 error Or if that isn't available, you can get their info via:
23 error     npm owner ls data-visualization
23 error There is likely additional logging output above.
24 verbose exit [ 1, true ]
